[ERROR] Kita (ID 106) -> 403 Client Error: Forbidden for url: https://ru.autoplius.lt/objavlenija/b-u-avtomobili?make_id=106
[ERROR] Abarth (ID 33934) -> 403 Client Error: Forbidden for url: https://ru.autoplius.lt/objavlenija/b-u-avtomobili?make_id=33934
[ERROR] AC (ID 105) -> 403 Client Error: Forbidden for url: https://ru.autoplius.lt/objavlenija/b-u-avtomobili?make_id=105
[ERROR] Acura (ID 104) -> 403 Client Error: Forbidden for url: https://ru.autoplius.lt/objavlenija/b-u-avtomobili?make_id=104
[ERROR] Aiways (ID 33416) -> 403 Client Error: Forbidden for url: https://ru.autoplius.lt/objavlenija/b-u-avtomobili?make_id=33416
[ERROR] Aixam (ID 108) -> 403 Client Error: Forbidden for url: https://ru.autoplius.lt/objavlenija/b-u-avtomobili?make_id=108
[ERROR] Alfa Romeo (ID 103) -> 403 Client Error: Forbidden for url: https://ru.autoplius.lt/objavlenija/b-u-avtomobili?make_id=103
[ERROR] Alke (ID 30765) -> 403 Client Error: Forbidden for url: https://ru.autoplius.lt/objavlenija/b-u-avtomobili?make_id=30765
[ERROR] Alpina (ID 112) -> 403 Client Error: Forbidden for url: https://ru.autoplius.lt/objavlenija/b-u-avtomobili?make_id=112
[ERROR] Alpine (ID 32350) -> 403 Client Error: Forbidden for url: https://ru.autoplius.lt/objavlenija/b-u-avtomobili?make_id=32350
[ERROR] AMC (ID 121) -> 403 Client Error: Forbidden for url: https://ru.autoplius.lt/objavlenija/b-u-avtomobili?make_id=121
[ERROR] Ariel (ID 33698) -> 403 Client Error: Forbidden for url: https://ru.autoplius.lt/objavlenija/b-u-avtomobili?make_id=33698
[ERROR] ARO (ID 102) -> 403 Client Error: Forbidden for url: https://ru.autoplius.lt/objavlenija/b-u-avtomobili?make_id=102
[ERROR] Asia (ID 101) -> 403 Client Error: Forbidden for url: https://ru.autoplius.lt/objavlenija/b-u-avtomobili?make_id=101
[ERROR] Aston Martin (ID 100) -> 403 Client Error: Forbidden for url: https://ru.autoplius.lt/objavlenija/b-u-avtomobili?make_id=100
[ERROR] Audi (ID 99) -> 403 Client Error: Forbidden for url: https://ru.autoplius.lt/objavlenija/b-u-avtomobili?make_id=99
[ERROR] Austin Rover (ID 15642) -> 403 Client Error: Forbidden for url: https://ru.autoplius.lt/objavlenija/b-u-avtomobili?make_id=15642
[ERROR] Austin-Healey (ID 27791) -> 403 Client Error: Forbidden for url: https://ru.autoplius.lt/objavlenija/b-u-avtomobili?make_id=27791
[ERROR] Baic (ID 33053) -> 403 Client Error: Forbidden for url: https://ru.autoplius.lt/objavlenija/b-u-avtomobili?make_id=33053
[ERROR] Barkas (ID 38427) -> 403 Client Error: Forbidden for url: https://ru.autoplius.lt/objavlenija/b-u-avtomobili?make_id=38427
[ERROR] Kita (ID 106) -> 403 Client Error: Forbidden for url: https://ru.autoplius.lt/objavlenija/b-u-avtomobili?make_id=106
[ERROR] Abarth (ID 33934) -> 403 Client Error: Forbidden for url: https://ru.autoplius.lt/objavlenija/b-u-avtomobili?make_id=33934
[ERROR] AC (ID 105) -> 403 Client Error: Forbidden for url: https://ru.autoplius.lt/objavlenija/b-u-avtomobili?make_id=105
[ERROR] Acura (ID 104) -> 403 Client Error: Forbidden for url: https://ru.autoplius.lt/objavlenija/b-u-avtomobili?make_id=104
[ERROR] Aiways (ID 33416) -> 403 Client Error: Forbidden for url: https://ru.autoplius.lt/objavlenija/b-u-avtomobili?make_id=33416
