[1] ID=5166 (Abarth) → 0; saved HTML: debug_html\0001_5166.html
[2] ID=98 (Acura) → 0; saved HTML: debug_html\0002_98.html
[3] ID=2396 (Adler) → 0; saved HTML: debug_html\0003_2396.html
[4] ID=5165 (Aero) → 0; saved HTML: debug_html\0004_5165.html
[5] ID=55172 (AION) → 0; saved HTML: debug_html\0005_55172.html
[6] ID=55656 (Aito) → 0; saved HTML: debug_html\0006_55656.html
[7] ID=55399 (Aiways) → 0; saved HTML: debug_html\0007_55399.html
[8] ID=2 (Aixam) → 0; saved HTML: debug_html\0008_2.html
[9] ID=3 (Alfa Romeo) → 0; saved HTML: debug_html\0009_3.html
[10] ID=100 (Alpine) → 0; saved HTML: debug_html\0010_100.html
[11] ID=3988 (Altamarea) → 0; saved HTML: debug_html\0011_3988.html
[12] ID=5821 (AMC) → 0; saved HTML: debug_html\0012_5821.html
[13] ID=5769 (Anaig) → 0; saved HTML: debug_html\0013_5769.html
[14] ID=5276 (Armstrong Siddeley) → 0; saved HTML: debug_html\0014_5276.html
[15] ID=101 (Aro) → 0; saved HTML: debug_html\0015_101.html
[16] ID=3105 (Artega) → 0; saved HTML: debug_html\0016_3105.html
[17] ID=4 (Asia) → 0; saved HTML: debug_html\0017_4.html
[18] ID=5793 (AsiaStar) → 0; saved HTML: debug_html\0018_5793.html
[19] ID=5 (Aston Martin) → 0; saved HTML: debug_html\0019_5.html
[20] ID=6160 (ATS Corsa) → 0; saved HTML: debug_html\0020_6160.html
[21] ID=6 (Audi) → 0; saved HTML: debug_html\0021_6.html
[22] ID=7 (Austin) → 0; saved HTML: debug_html\0022_7.html
[23] ID=4355 (Austin-Healey) → 0; saved HTML: debug_html\0023_4355.html
[24] ID=102 (Autobianchi) → 0; saved HTML: debug_html\0024_102.html
[25] ID=55330 (Avatr) → 0; saved HTML: debug_html\0025_55330.html
[1] ID=5166 (Abarth) → 0; saved HTML: debug_html\0001_5166.html
[2] ID=98 (Acura) → 0; saved HTML: debug_html\0002_98.html
[3] ID=2396 (Adler) → 0; saved HTML: debug_html\0003_2396.html
[4] ID=5165 (Aero) → 0; saved HTML: debug_html\0004_5165.html
[5] ID=55172 (AION) → 0; saved HTML: debug_html\0005_55172.html
[6] ID=55656 (Aito) → 0; saved HTML: debug_html\0006_55656.html
[7] ID=55399 (Aiways) → 0; saved HTML: debug_html\0007_55399.html
[1] ID=5166 (Abarth) → 0; saved HTML: debug_html\0001_5166.html
[2] ID=98 (Acura) → 0; saved HTML: debug_html\0002_98.html
[3] ID=2396 (Adler) → 0; saved HTML: debug_html\0003_2396.html
[4] ID=5165 (Aero) → 0; saved HTML: debug_html\0004_5165.html
[5] ID=55172 (AION) → 0; saved HTML: debug_html\0005_55172.html
[6] ID=55656 (Aito) → 0; saved HTML: debug_html\0006_55656.html
[7] ID=55399 (Aiways) → 0; saved HTML: debug_html\0007_55399.html
[8] ID=2 (Aixam) → 0; saved HTML: debug_html\0008_2.html
[9] ID=3 (Alfa Romeo) → 0; saved HTML: debug_html\0009_3.html
[10] ID=100 (Alpine) → 0; saved HTML: debug_html\0010_100.html
[11] ID=3988 (Altamarea) → 0; saved HTML: debug_html\0011_3988.html
[1] ID=5166 (Abarth) → 0; saved HTML: debug_html\0001_5166.html
[2] ID=98 (Acura) → 0; saved HTML: debug_html\0002_98.html
[3] ID=2396 (Adler) → 0; saved HTML: debug_html\0003_2396.html
[4] ID=5165 (Aero) → 0; saved HTML: debug_html\0004_5165.html
[5] ID=55172 (AION) → 0; saved HTML: debug_html\0005_55172.html
[6] ID=55656 (Aito) → 0; saved HTML: debug_html\0006_55656.html
[7] ID=55399 (Aiways) → 0; saved HTML: debug_html\0007_55399.html
[8] ID=2 (Aixam) → 0; saved HTML: debug_html\0008_2.html
[9] ID=3 (Alfa Romeo) → 0; saved HTML: debug_html\0009_3.html
[10] ID=100 (Alpine) → 0; saved HTML: debug_html\0010_100.html
[11] ID=3988 (Altamarea) → 0; saved HTML: debug_html\0011_3988.html
[12] ID=5821 (AMC) → 0; saved HTML: debug_html\0012_5821.html
[13] ID=5769 (Anaig) → 0; saved HTML: debug_html\0013_5769.html
[1] ID=5166 (Abarth) → 0; saved HTML: debug_html\0001_5166.html
[2] ID=98 (Acura) → 0; saved HTML: debug_html\0002_98.html
[3] ID=2396 (Adler) → 0; saved HTML: debug_html\0003_2396.html
[4] ID=5165 (Aero) → 0; saved HTML: debug_html\0004_5165.html
[5] ID=55172 (AION) → 0; saved HTML: debug_html\0005_55172.html
[6] ID=55656 (Aito) → 0; saved HTML: debug_html\0006_55656.html
[7] ID=55399 (Aiways) → 0; saved HTML: debug_html\0007_55399.html
[8] ID=2 (Aixam) → 0; saved HTML: debug_html\0008_2.html
[9] ID=3 (Alfa Romeo) → 0; saved HTML: debug_html\0009_3.html
[10] ID=100 (Alpine) → 0; saved HTML: debug_html\0010_100.html
[1] ID=5166 (Abarth) → 0; saved HTML: debug_html\0001_5166.html
[2] ID=98 (Acura) → 0; saved HTML: debug_html\0002_98.html
[3] ID=2396 (Adler) → 0; saved HTML: debug_html\0003_2396.html
[4] ID=5165 (Aero) → 0; saved HTML: debug_html\0004_5165.html
[5] ID=55172 (AION) → 0; saved HTML: debug_html\0005_55172.html
[1] ID=5166 (Abarth) → 0; saved HTML: debug_html\0001_5166.html
[3] ID=2396 (Adler) → 0; saved HTML: debug_html\0003_2396.html
[6] ID=55656 (Aito) → 0; saved HTML: debug_html\0006_55656.html
[11] ID=3988 (Altamarea) → 0; saved HTML: debug_html\0011_3988.html
[14] ID=5276 (Armstrong Siddeley) → 0; saved HTML: debug_html\0014_5276.html
[1] ID=5166 (Abarth) → 0; saved HTML: debug_html\0001_5166.html
[3] ID=2396 (Adler) → 0; saved HTML: debug_html\0003_2396.html
[6] ID=55656 (Aito) → 0; saved HTML: debug_html\0006_55656.html
[11] ID=3988 (Altamarea) → 0; saved HTML: debug_html\0011_3988.html
[14] ID=5276 (Armstrong Siddeley) → 0; saved HTML: debug_html\0014_5276.html
[16] ID=3105 (Artega) → 0; saved HTML: debug_html\0016_3105.html
[1] ID=5166 (Abarth) → 0; saved HTML: debug_html\0001_5166.html
[2] ID=98 (Acura) → 0; saved HTML: debug_html\0002_98.html
[3] ID=2396 (Adler) → 0; saved HTML: debug_html\0003_2396.html
[4] ID=5165 (Aero) → 0; saved HTML: debug_html\0004_5165.html
[5] ID=55172 (AION) → 0; saved HTML: debug_html\0005_55172.html
[6] ID=55656 (Aito) → 0; saved HTML: debug_html\0006_55656.html
[7] ID=55399 (Aiways) → 0; saved HTML: debug_html\0007_55399.html
[1] ID=5166 (Abarth) → 0 (no match)
[2] ID=98 (Acura) → 0 (no match)
[3] ID=2396 (Adler) → 0 (no match)
[4] ID=5165 (Aero) → 0 (no match)
[5] ID=55172 (AION) → 0 (no match)
[6] ID=55656 (Aito) → 0 (no match)
[7] ID=55399 (Aiways) → 0 (no match)
[8] ID=2 (Aixam) → 0 (no match)
[9] ID=3 (Alfa Romeo) → 0 (no match)
WARMUP: status=200 url=https://auto.ria.com/uk/ len=162866
[adv] 5166 status=200 url=https://auto.ria.com/uk/advanced-search/?search_type=1&category=1&all%5B0%5D.any%5B0%5D.brand=5166&abroad=0&customs_cleared=1 len=106509
[search] 5166 status=200 url=https://auto.ria.com/uk/search/?search_type=1&category=1&all%5B0%5D.any%5B0%5D.brand=5166&abroad=0&customs_cleared=1 len=214577
[1] 5166 Abarth -> 0 (no match)
[adv] 98 status=200 url=https://auto.ria.com/uk/advanced-search/?search_type=1&category=1&all%5B0%5D.any%5B0%5D.brand=98&abroad=0&customs_cleared=1 len=106451
[search] 98 status=200 url=https://auto.ria.com/uk/search/?search_type=1&category=1&all%5B0%5D.any%5B0%5D.brand=98&abroad=0&customs_cleared=1 len=214302
[2] 98 Acura -> 0 (no match)
[adv] 2396 status=200 url=https://auto.ria.com/uk/advanced-search/?search_type=1&category=1&all%5B0%5D.any%5B0%5D.brand=2396&abroad=0&customs_cleared=1 len=106394
[search] 2396 status=200 url=https://auto.ria.com/uk/search/?search_type=1&category=1&all%5B0%5D.any%5B0%5D.brand=2396&abroad=0&customs_cleared=1 len=214426
[3] 2396 Adler -> 0 (no match)
[adv] 5165 status=200 url=https://auto.ria.com/uk/advanced-search/?search_type=1&category=1&all%5B0%5D.any%5B0%5D.brand=5165&abroad=0&customs_cleared=1 len=105390
[search] 5165 status=200 url=https://auto.ria.com/uk/search/?search_type=1&category=1&all%5B0%5D.any%5B0%5D.brand=5165&abroad=0&customs_cleared=1 len=214376
[4] 5165 Aero -> 0 (no match)
[adv] 55172 status=200 url=https://auto.ria.com/uk/advanced-search/?search_type=1&category=1&all%5B0%5D.any%5B0%5D.brand=55172&abroad=0&customs_cleared=1 len=103294
[search] 55172 status=200 url=https://auto.ria.com/uk/search/?search_type=1&category=1&all%5B0%5D.any%5B0%5D.brand=55172&abroad=0&customs_cleared=1 len=214528
[5] 55172 AION -> 0 (no match)
[adv] 55656 status=200 url=https://auto.ria.com/uk/advanced-search/?search_type=1&category=1&all%5B0%5D.any%5B0%5D.brand=55656&abroad=0&customs_cleared=1 len=106493
[search] 55656 status=200 url=https://auto.ria.com/uk/search/?search_type=1&category=1&all%5B0%5D.any%5B0%5D.brand=55656&abroad=0&customs_cleared=1 len=214516
[6] 55656 Aito -> 0 (no match)
[adv] 55399 status=200 url=https://auto.ria.com/uk/advanced-search/?search_type=1&category=1&all%5B0%5D.any%5B0%5D.brand=55399&abroad=0&customs_cleared=1 len=103225
[search] 55399 status=200 url=https://auto.ria.com/uk/search/?search_type=1&category=1&all%5B0%5D.any%5B0%5D.brand=55399&abroad=0&customs_cleared=1 len=214686
[7] 55399 Aiways -> 0 (no match)
[adv] 2 status=200 url=https://auto.ria.com/uk/advanced-search/?search_type=1&category=1&all%5B0%5D.any%5B0%5D.brand=2&abroad=0&customs_cleared=1 len=106588
[search] 2 status=200 url=https://auto.ria.com/uk/search/?search_type=1&category=1&all%5B0%5D.any%5B0%5D.brand=2&abroad=0&customs_cleared=1 len=214648
[8] 2 Aixam -> 0 (no match)
[adv] 3 status=200 url=https://auto.ria.com/uk/advanced-search/?search_type=1&category=1&all%5B0%5D.any%5B0%5D.brand=3&abroad=0&customs_cleared=1 len=106656
[search] 3 status=200 url=https://auto.ria.com/uk/search/?search_type=1&category=1&all%5B0%5D.any%5B0%5D.brand=3&abroad=0&customs_cleared=1 len=214478
[9] 3 Alfa Romeo -> 0 (no match)
[adv] 100 status=200 url=https://auto.ria.com/uk/advanced-search/?search_type=1&category=1&all%5B0%5D.any%5B0%5D.brand=100&abroad=0&customs_cleared=1 len=106484
[search] 100 status=200 url=https://auto.ria.com/uk/search/?search_type=1&category=1&all%5B0%5D.any%5B0%5D.brand=100&abroad=0&customs_cleared=1 len=214464
[10] 100 Alpine -> 0 (no match)
